build/app/intermediates/manifest_merge_blame_file/debug/manifest-merger-blame-debug-report.txt
1<?xml version="1.0" encoding="utf-8"?>
2<manifest xmlns:android="http://schemas.android.com/apk/res/android"
3    package="dev.flutterexplained.webrtc_tutorial"
4    android:versionCode="1"
5    android:versionName="1.0.0" >
6
7    <uses-sdk
8        android:minSdkVersion="21"
9        android:targetSdkVersion="31" />
10    <!--
11         The INTERNET permission is required for development. Specifically,
12         the Flutter tool needs it to communicate with the running application
13         to allow setting breakpoints, to provide hot reload, etc.
14    -->
15    <uses-permission android:name="android.permission.INTERNET" />
15-->src/main/AndroidManifest.xml:11:5-66
15-->src/main/AndroidManifest.xml:11:22-64
16
17    <uses-feature android:name="android.hardware.camera" />
17-->src/main/AndroidManifest.xml:4:5-60
17-->src/main/AndroidManifest.xml:4:19-57
18    <uses-feature android:name="android.hardware.camera.autofocus" />
18-->src/main/AndroidManifest.xml:5:5-70
18-->src/main/AndroidManifest.xml:5:19-67
19
20    <uses-permission android:name="android.permission.CAMERA" />
20-->src/main/AndroidManifest.xml:6:5-65
20-->src/main/AndroidManifest.xml:6:22-62
21    <uses-permission android:name="android.permission.RECORD_AUDIO" />
21-->src/main/AndroidManifest.xml:7:5-71
21-->src/main/AndroidManifest.xml:7:22-68
22    <uses-permission android:name="android.permission.ACCESS_NETWORK_STATE" />
22-->src/main/AndroidManifest.xml:8:5-79
22-->src/main/AndroidManifest.xml:8:22-76
23    <uses-permission android:name="android.permission.CHANGE_NETWORK_STATE" />
23-->src/main/AndroidManifest.xml:9:5-79
23-->src/main/AndroidManifest.xml:9:22-76
24    <uses-permission android:name="android.permission.MODIFY_AUDIO_SETTINGS" />
24-->src/main/AndroidManifest.xml:10:5-80
24-->src/main/AndroidManifest.xml:10:22-77
25    <uses-permission
25-->[com.twilio:audioswitch:1.1.7] AndroidManifest.xml:9:5-11:38
26        android:name="android.permission.BLUETOOTH"
26-->[com.twilio:audioswitch:1.1.7] AndroidManifest.xml:10:9-52
27        android:maxSdkVersion="30" />
27-->[com.twilio:audioswitch:1.1.7] AndroidManifest.xml:11:9-35
28    <uses-permission android:name="android.permission.BLUETOOTH_CONNECT" />
28-->[com.twilio:audioswitch:1.1.7] AndroidManifest.xml:12:5-76
28-->[com.twilio:audioswitch:1.1.7] AndroidManifest.xml:12:22-73
29
30    <application
31        android:name="android.app.Application"
32        android:appComponentFactory="androidx.core.app.CoreComponentFactory"
32-->[androidx.core:core:1.6.0] AndroidManifest.xml:24:18-86
33        android:debuggable="true"
34        android:icon="@mipmap/ic_launcher"
35        android:label="webrtc_tutorial" >
36        <activity
37            android:name="dev.flutterexplained.webrtc_tutorial.MainActivity"
38            android:configChanges="orientation|keyboardHidden|keyboard|screenSize|smallestScreenSize|locale|layoutDirection|fontScale|screenLayout|density|uiMode"
39            android:exported="true"
40            android:hardwareAccelerated="true"
41            android:launchMode="singleTop"
42            android:theme="@style/LaunchTheme"
43            android:windowSoftInputMode="adjustResize" >
44
45            <!--
46                 Specifies an Android theme to apply to this Activity as soon as
47                 the Android process has started. This theme is visible to the user
48                 while the Flutter UI initializes. After that, this theme continues
49                 to determine the Window background behind the Flutter UI.
50            -->
51            <meta-data
52                android:name="io.flutter.embedding.android.NormalTheme"
53                android:resource="@style/NormalTheme" />
54
55            <intent-filter>
56                <action android:name="android.intent.action.MAIN" />
57
58                <category android:name="android.intent.category.LAUNCHER" />
59            </intent-filter>
60        </activity>
61        <!--
62             Don't delete the meta-data below.
63             This is used by the Flutter tool to generate GeneratedPluginRegistrant.java
64        -->
65        <meta-data
66            android:name="flutterEmbedding"
67            android:value="2" />
68
69        <service
69-->[:cloud_firestore] AndroidManifest.xml:10:9-14:19
70            android:name="com.google.firebase.components.ComponentDiscoveryService"
70-->[:cloud_firestore] AndroidManifest.xml:10:18-89
71            android:directBootAware="true"
71-->[com.google.firebase:firebase-common:20.4.2] AndroidManifest.xml:32:13-43
72            android:exported="false" >
72-->[com.google.firebase:firebase-firestore:24.9.1] AndroidManifest.xml:16:13-37
73            <meta-data
73-->[:cloud_firestore] AndroidManifest.xml:11:13-13:85
74                android:name="com.google.firebase.components:io.flutter.plugins.firebase.firestore.FlutterFirebaseFirestoreRegistrar"
74-->[:cloud_firestore] AndroidManifest.xml:12:17-134
75                android:value="com.google.firebase.components.ComponentRegistrar" />
75-->[:cloud_firestore] AndroidManifest.xml:13:17-82
76            <meta-data
76-->[:firebase_core] AndroidManifest.xml:11:13-13:85
77                android:name="com.google.firebase.components:io.flutter.plugins.firebase.core.FlutterFirebaseCoreRegistrar"
77-->[:firebase_core] AndroidManifest.xml:12:17-124
78                android:value="com.google.firebase.components.ComponentRegistrar" />
78-->[:firebase_core] AndroidManifest.xml:13:17-82
79            <meta-data
79-->[com.google.firebase:firebase-firestore:24.9.1] AndroidManifest.xml:17:13-19:85
80                android:name="com.google.firebase.components:com.google.firebase.firestore.FirebaseFirestoreKtxRegistrar"
80-->[com.google.firebase:firebase-firestore:24.9.1] AndroidManifest.xml:18:17-122
81                android:value="com.google.firebase.components.ComponentRegistrar" />
81-->[com.google.firebase:firebase-firestore:24.9.1] AndroidManifest.xml:19:17-82
82            <meta-data
82-->[com.google.firebase:firebase-firestore:24.9.1] AndroidManifest.xml:20:13-22:85
83                android:name="com.google.firebase.components:com.google.firebase.firestore.FirestoreRegistrar"
83-->[com.google.firebase:firebase-firestore:24.9.1] AndroidManifest.xml:21:17-111
84                android:value="com.google.firebase.components.ComponentRegistrar" />
84-->[com.google.firebase:firebase-firestore:24.9.1] AndroidManifest.xml:22:17-82
85            <meta-data
85-->[com.google.firebase:firebase-common-ktx:20.4.2] AndroidManifest.xml:12:13-14:85
86                android:name="com.google.firebase.components:com.google.firebase.ktx.FirebaseCommonLegacyRegistrar"
86-->[com.google.firebase:firebase-common-ktx:20.4.2] AndroidManifest.xml:13:17-116
87                android:value="com.google.firebase.components.ComponentRegistrar" />
87-->[com.google.firebase:firebase-common-ktx:20.4.2] AndroidManifest.xml:14:17-82
88            <meta-data
88-->[com.google.firebase:firebase-common:20.4.2] AndroidManifest.xml:35:13-37:85
89                android:name="com.google.firebase.components:com.google.firebase.FirebaseCommonKtxRegistrar"
89-->[com.google.firebase:firebase-common:20.4.2] AndroidManifest.xml:36:17-109
90                android:value="com.google.firebase.components.ComponentRegistrar" />
90-->[com.google.firebase:firebase-common:20.4.2] AndroidManifest.xml:37:17-82
91        </service>
92
93        <provider
93-->[com.google.firebase:firebase-common:20.4.2] AndroidManifest.xml:23:9-28:39
94            android:name="com.google.firebase.provider.FirebaseInitProvider"
94-->[com.google.firebase:firebase-common:20.4.2] AndroidManifest.xml:24:13-77
95            android:authorities="dev.flutterexplained.webrtc_tutorial.firebaseinitprovider"
95-->[com.google.firebase:firebase-common:20.4.2] AndroidManifest.xml:25:13-72
96            android:directBootAware="true"
96-->[com.google.firebase:firebase-common:20.4.2] AndroidManifest.xml:26:13-43
97            android:exported="false"
97-->[com.google.firebase:firebase-common:20.4.2] AndroidManifest.xml:27:13-37
98            android:initOrder="100" />
98-->[com.google.firebase:firebase-common:20.4.2] AndroidManifest.xml:28:13-36
99
100        <uses-library
100-->[androidx.window:window:1.0.0-beta04] AndroidManifest.xml:25:9-27:40
101            android:name="androidx.window.extensions"
101-->[androidx.window:window:1.0.0-beta04] AndroidManifest.xml:26:13-54
102            android:required="false" />
102-->[androidx.window:window:1.0.0-beta04] AndroidManifest.xml:27:13-37
103        <uses-library
103-->[androidx.window:window:1.0.0-beta04] AndroidManifest.xml:28:9-30:40
104            android:name="androidx.window.sidecar"
104-->[androidx.window:window:1.0.0-beta04] AndroidManifest.xml:29:13-51
105            android:required="false" />
105-->[androidx.window:window:1.0.0-beta04] AndroidManifest.xml:30:13-37
106
107        <activity
107-->[com.google.android.gms:play-services-base:18.0.1] AndroidManifest.xml:20:9-22:45
108            android:name="com.google.android.gms.common.api.GoogleApiActivity"
108-->[com.google.android.gms:play-services-base:18.0.1] AndroidManifest.xml:20:19-85
109            android:exported="false"
109-->[com.google.android.gms:play-services-base:18.0.1] AndroidManifest.xml:22:19-43
110            android:theme="@android:style/Theme.Translucent.NoTitleBar" />
110-->[com.google.android.gms:play-services-base:18.0.1] AndroidManifest.xml:21:19-78
111
112        <meta-data
112-->[com.google.android.gms:play-services-basement:18.1.0] AndroidManifest.xml:21:9-23:69
113            android:name="com.google.android.gms.version"
113-->[com.google.android.gms:play-services-basement:18.1.0] AndroidManifest.xml:22:13-58
114            android:value="@integer/google_play_services_version" />
114-->[com.google.android.gms:play-services-basement:18.1.0] AndroidManifest.xml:23:13-66
115    </application>
116
117</manifest>